have_header: checking for unistd.h... -------------------- yes

"gcc -o conftest -I/hab/pkgs/core/ruby/3.0.2/20211019144421/include/ruby-3.0.0/x86_64-linux -I/hab/pkgs/core/ruby/3.0.2/20211019144421/include/ruby-3.0.0/ruby/backward -I/hab/pkgs/core/ruby/3.0.2/20211019144421/include/ruby-3.0.0 -I. -I/hab/pkgs/core/make/4.3/20210826060457/include -I/hab/pkgs/core/gcc/9.3.0/20210826051400/include -I/hab/pkgs/core/glibc/2.33/20210826050111/include -I/hab/pkgs/core/ncurses/6.2/20210826054317/include -I/hab/pkgs/core/zlib/1.2.11/20210826050912/include -I/hab/pkgs/core/openssl/1.0.2zb/20211016150910/include -I/hab/pkgs/core/libyaml/0.2.5/20210826234948/include -I/hab/pkgs/core/libffi/3.3/20210826063232/include -I/hab/pkgs/core/readline/8.1/20210826055049/include   -I/hab/pkgs/core/make/4.3/20210826060457/include -I/hab/pkgs/core/gcc/9.3.0/20210826051400/include -I/hab/pkgs/core/glibc/2.33/20210826050111/include -I/hab/pkgs/core/ncurses/6.2/20210826054317/include -I/hab/pkgs/core/zlib/1.2.11/20210826050912/include -I/hab/pkgs/core/openssl/1.0.2zb/20211016150910/include -I/hab/pkgs/core/libyaml/0.2.5/20210826234948/include -I/hab/pkgs/core/libffi/3.3/20210826063232/include -I/hab/pkgs/core/readline/8.1/20210826055049/include -O3 -g -pipe -fPIC conftest.c  -L. -L/hab/pkgs/core/ruby/3.0.2/20211019144421/lib -Wl,-rpath,/hab/pkgs/core/ruby/3.0.2/20211019144421/lib -L. -L/hab/pkgs/core/gcc/9.3.0/20210826051400/lib -L/hab/pkgs/core/glibc/2.33/20210826050111/lib -L/hab/pkgs/core/ncurses/6.2/20210826054317/lib -L/hab/pkgs/core/zlib/1.2.11/20210826050912/lib -L/hab/pkgs/core/openssl/1.0.2zb/20211016150910/lib -L/hab/pkgs/core/libyaml/0.2.5/20210826234948/lib -L/hab/pkgs/core/libffi/3.3/20210826063232/lib -L/hab/pkgs/core/readline/8.1/20210826055049/lib -L/hab/pkgs/core/nss-myhostname/0.3/20210826190135/lib -fstack-protector-strong -rdynamic -Wl,-export-dynamic     -Wl,-rpath,/hab/pkgs/core/ruby/3.0.2/20211019144421/lib -L/hab/pkgs/core/ruby/3.0.2/20211019144421/lib -lruby  -lm   -lc"
checked program was:
/* begin */
1: #include "ruby.h"
2: 
3: int main(int argc, char **argv)
4: {
5:   return !!argv[argc];
6: }
/* end */

"gcc -E -I/hab/pkgs/core/ruby/3.0.2/20211019144421/include/ruby-3.0.0/x86_64-linux -I/hab/pkgs/core/ruby/3.0.2/20211019144421/include/ruby-3.0.0/ruby/backward -I/hab/pkgs/core/ruby/3.0.2/20211019144421/include/ruby-3.0.0 -I. -I/hab/pkgs/core/make/4.3/20210826060457/include -I/hab/pkgs/core/gcc/9.3.0/20210826051400/include -I/hab/pkgs/core/glibc/2.33/20210826050111/include -I/hab/pkgs/core/ncurses/6.2/20210826054317/include -I/hab/pkgs/core/zlib/1.2.11/20210826050912/include -I/hab/pkgs/core/openssl/1.0.2zb/20211016150910/include -I/hab/pkgs/core/libyaml/0.2.5/20210826234948/include -I/hab/pkgs/core/libffi/3.3/20210826063232/include -I/hab/pkgs/core/readline/8.1/20210826055049/include   -I/hab/pkgs/core/make/4.3/20210826060457/include -I/hab/pkgs/core/gcc/9.3.0/20210826051400/include -I/hab/pkgs/core/glibc/2.33/20210826050111/include -I/hab/pkgs/core/ncurses/6.2/20210826054317/include -I/hab/pkgs/core/zlib/1.2.11/20210826050912/include -I/hab/pkgs/core/openssl/1.0.2zb/20211016150910/include -I/hab/pkgs/core/libyaml/0.2.5/20210826234948/include -I/hab/pkgs/core/libffi/3.3/20210826063232/include -I/hab/pkgs/core/readline/8.1/20210826055049/include -O3 -g -pipe -fPIC  conftest.c -o conftest.i"
checked program was:
/* begin */
1: #include "ruby.h"
2: 
3: #include <unistd.h>
/* end */

--------------------

have_header: checking for linux/aio_abi.h... -------------------- yes

"gcc -E -I/hab/pkgs/core/ruby/3.0.2/20211019144421/include/ruby-3.0.0/x86_64-linux -I/hab/pkgs/core/ruby/3.0.2/20211019144421/include/ruby-3.0.0/ruby/backward -I/hab/pkgs/core/ruby/3.0.2/20211019144421/include/ruby-3.0.0 -I. -I/hab/pkgs/core/make/4.3/20210826060457/include -I/hab/pkgs/core/gcc/9.3.0/20210826051400/include -I/hab/pkgs/core/glibc/2.33/20210826050111/include -I/hab/pkgs/core/ncurses/6.2/20210826054317/include -I/hab/pkgs/core/zlib/1.2.11/20210826050912/include -I/hab/pkgs/core/openssl/1.0.2zb/20211016150910/include -I/hab/pkgs/core/libyaml/0.2.5/20210826234948/include -I/hab/pkgs/core/libffi/3.3/20210826063232/include -I/hab/pkgs/core/readline/8.1/20210826055049/include   -I/hab/pkgs/core/make/4.3/20210826060457/include -I/hab/pkgs/core/gcc/9.3.0/20210826051400/include -I/hab/pkgs/core/glibc/2.33/20210826050111/include -I/hab/pkgs/core/ncurses/6.2/20210826054317/include -I/hab/pkgs/core/zlib/1.2.11/20210826050912/include -I/hab/pkgs/core/openssl/1.0.2zb/20211016150910/include -I/hab/pkgs/core/libyaml/0.2.5/20210826234948/include -I/hab/pkgs/core/libffi/3.3/20210826063232/include -I/hab/pkgs/core/readline/8.1/20210826055049/include -O3 -g -pipe -fPIC  conftest.c -o conftest.i"
checked program was:
/* begin */
1: #include "ruby.h"
2: 
3: #include <linux/aio_abi.h>
/* end */

--------------------

have_header: checking for linux/io_uring.h... -------------------- no

"gcc -E -I/hab/pkgs/core/ruby/3.0.2/20211019144421/include/ruby-3.0.0/x86_64-linux -I/hab/pkgs/core/ruby/3.0.2/20211019144421/include/ruby-3.0.0/ruby/backward -I/hab/pkgs/core/ruby/3.0.2/20211019144421/include/ruby-3.0.0 -I. -I/hab/pkgs/core/make/4.3/20210826060457/include -I/hab/pkgs/core/gcc/9.3.0/20210826051400/include -I/hab/pkgs/core/glibc/2.33/20210826050111/include -I/hab/pkgs/core/ncurses/6.2/20210826054317/include -I/hab/pkgs/core/zlib/1.2.11/20210826050912/include -I/hab/pkgs/core/openssl/1.0.2zb/20211016150910/include -I/hab/pkgs/core/libyaml/0.2.5/20210826234948/include -I/hab/pkgs/core/libffi/3.3/20210826063232/include -I/hab/pkgs/core/readline/8.1/20210826055049/include   -I/hab/pkgs/core/make/4.3/20210826060457/include -I/hab/pkgs/core/gcc/9.3.0/20210826051400/include -I/hab/pkgs/core/glibc/2.33/20210826050111/include -I/hab/pkgs/core/ncurses/6.2/20210826054317/include -I/hab/pkgs/core/zlib/1.2.11/20210826050912/include -I/hab/pkgs/core/openssl/1.0.2zb/20211016150910/include -I/hab/pkgs/core/libyaml/0.2.5/20210826234948/include -I/hab/pkgs/core/libffi/3.3/20210826063232/include -I/hab/pkgs/core/readline/8.1/20210826055049/include -O3 -g -pipe -fPIC  conftest.c -o conftest.i"
conftest.c:3:10: fatal error: linux/io_uring.h: No such file or directory
    3 | #include <linux/io_uring.h>
      |          ^~~~~~~~~~~~~~~~~~
compilation terminated.
checked program was:
/* begin */
1: #include "ruby.h"
2: 
3: #include <linux/io_uring.h>
/* end */

--------------------

have_header: checking for sys/select.h... -------------------- yes

"gcc -E -I/hab/pkgs/core/ruby/3.0.2/20211019144421/include/ruby-3.0.0/x86_64-linux -I/hab/pkgs/core/ruby/3.0.2/20211019144421/include/ruby-3.0.0/ruby/backward -I/hab/pkgs/core/ruby/3.0.2/20211019144421/include/ruby-3.0.0 -I. -I/hab/pkgs/core/make/4.3/20210826060457/include -I/hab/pkgs/core/gcc/9.3.0/20210826051400/include -I/hab/pkgs/core/glibc/2.33/20210826050111/include -I/hab/pkgs/core/ncurses/6.2/20210826054317/include -I/hab/pkgs/core/zlib/1.2.11/20210826050912/include -I/hab/pkgs/core/openssl/1.0.2zb/20211016150910/include -I/hab/pkgs/core/libyaml/0.2.5/20210826234948/include -I/hab/pkgs/core/libffi/3.3/20210826063232/include -I/hab/pkgs/core/readline/8.1/20210826055049/include   -I/hab/pkgs/core/make/4.3/20210826060457/include -I/hab/pkgs/core/gcc/9.3.0/20210826051400/include -I/hab/pkgs/core/glibc/2.33/20210826050111/include -I/hab/pkgs/core/ncurses/6.2/20210826054317/include -I/hab/pkgs/core/zlib/1.2.11/20210826050912/include -I/hab/pkgs/core/openssl/1.0.2zb/20211016150910/include -I/hab/pkgs/core/libyaml/0.2.5/20210826234948/include -I/hab/pkgs/core/libffi/3.3/20210826063232/include -I/hab/pkgs/core/readline/8.1/20210826055049/include -O3 -g -pipe -fPIC  conftest.c -o conftest.i"
checked program was:
/* begin */
1: #include "ruby.h"
2: 
3: #include <sys/select.h>
/* end */

--------------------

have_type: checking for port_event_t in poll.h... -------------------- no

"gcc -I/hab/pkgs/core/ruby/3.0.2/20211019144421/include/ruby-3.0.0/x86_64-linux -I/hab/pkgs/core/ruby/3.0.2/20211019144421/include/ruby-3.0.0/ruby/backward -I/hab/pkgs/core/ruby/3.0.2/20211019144421/include/ruby-3.0.0 -I. -I/hab/pkgs/core/make/4.3/20210826060457/include -I/hab/pkgs/core/gcc/9.3.0/20210826051400/include -I/hab/pkgs/core/glibc/2.33/20210826050111/include -I/hab/pkgs/core/ncurses/6.2/20210826054317/include -I/hab/pkgs/core/zlib/1.2.11/20210826050912/include -I/hab/pkgs/core/openssl/1.0.2zb/20211016150910/include -I/hab/pkgs/core/libyaml/0.2.5/20210826234948/include -I/hab/pkgs/core/libffi/3.3/20210826063232/include -I/hab/pkgs/core/readline/8.1/20210826055049/include   -I/hab/pkgs/core/make/4.3/20210826060457/include -I/hab/pkgs/core/gcc/9.3.0/20210826051400/include -I/hab/pkgs/core/glibc/2.33/20210826050111/include -I/hab/pkgs/core/ncurses/6.2/20210826054317/include -I/hab/pkgs/core/zlib/1.2.11/20210826050912/include -I/hab/pkgs/core/openssl/1.0.2zb/20211016150910/include -I/hab/pkgs/core/libyaml/0.2.5/20210826234948/include -I/hab/pkgs/core/libffi/3.3/20210826063232/include -I/hab/pkgs/core/readline/8.1/20210826055049/include -O3 -g -pipe -fPIC   -c conftest.c"
conftest.c:6:9: error: unknown type name 'port_event_t'
    6 | typedef port_event_t conftest_type;
      |         ^~~~~~~~~~~~
checked program was:
/* begin */
1: #include "ruby.h"
2: 
3: #include <poll.h>
4: 
5: /*top*/
6: typedef port_event_t conftest_type;
7: int conftestval[sizeof(conftest_type)?1:-1];
/* end */

--------------------

have_header: checking for sys/epoll.h... -------------------- yes

"gcc -E -I/hab/pkgs/core/ruby/3.0.2/20211019144421/include/ruby-3.0.0/x86_64-linux -I/hab/pkgs/core/ruby/3.0.2/20211019144421/include/ruby-3.0.0/ruby/backward -I/hab/pkgs/core/ruby/3.0.2/20211019144421/include/ruby-3.0.0 -I. -I/hab/pkgs/core/make/4.3/20210826060457/include -I/hab/pkgs/core/gcc/9.3.0/20210826051400/include -I/hab/pkgs/core/glibc/2.33/20210826050111/include -I/hab/pkgs/core/ncurses/6.2/20210826054317/include -I/hab/pkgs/core/zlib/1.2.11/20210826050912/include -I/hab/pkgs/core/openssl/1.0.2zb/20211016150910/include -I/hab/pkgs/core/libyaml/0.2.5/20210826234948/include -I/hab/pkgs/core/libffi/3.3/20210826063232/include -I/hab/pkgs/core/readline/8.1/20210826055049/include   -I/hab/pkgs/core/make/4.3/20210826060457/include -I/hab/pkgs/core/gcc/9.3.0/20210826051400/include -I/hab/pkgs/core/glibc/2.33/20210826050111/include -I/hab/pkgs/core/ncurses/6.2/20210826054317/include -I/hab/pkgs/core/zlib/1.2.11/20210826050912/include -I/hab/pkgs/core/openssl/1.0.2zb/20211016150910/include -I/hab/pkgs/core/libyaml/0.2.5/20210826234948/include -I/hab/pkgs/core/libffi/3.3/20210826063232/include -I/hab/pkgs/core/readline/8.1/20210826055049/include -O3 -g -pipe -fPIC  conftest.c -o conftest.i"
checked program was:
/* begin */
1: #include "ruby.h"
2: 
3: #include <sys/epoll.h>
/* end */

--------------------

have_header: checking for sys/event.h... -------------------- no

"gcc -E -I/hab/pkgs/core/ruby/3.0.2/20211019144421/include/ruby-3.0.0/x86_64-linux -I/hab/pkgs/core/ruby/3.0.2/20211019144421/include/ruby-3.0.0/ruby/backward -I/hab/pkgs/core/ruby/3.0.2/20211019144421/include/ruby-3.0.0 -I. -I/hab/pkgs/core/make/4.3/20210826060457/include -I/hab/pkgs/core/gcc/9.3.0/20210826051400/include -I/hab/pkgs/core/glibc/2.33/20210826050111/include -I/hab/pkgs/core/ncurses/6.2/20210826054317/include -I/hab/pkgs/core/zlib/1.2.11/20210826050912/include -I/hab/pkgs/core/openssl/1.0.2zb/20211016150910/include -I/hab/pkgs/core/libyaml/0.2.5/20210826234948/include -I/hab/pkgs/core/libffi/3.3/20210826063232/include -I/hab/pkgs/core/readline/8.1/20210826055049/include   -I/hab/pkgs/core/make/4.3/20210826060457/include -I/hab/pkgs/core/gcc/9.3.0/20210826051400/include -I/hab/pkgs/core/glibc/2.33/20210826050111/include -I/hab/pkgs/core/ncurses/6.2/20210826054317/include -I/hab/pkgs/core/zlib/1.2.11/20210826050912/include -I/hab/pkgs/core/openssl/1.0.2zb/20211016150910/include -I/hab/pkgs/core/libyaml/0.2.5/20210826234948/include -I/hab/pkgs/core/libffi/3.3/20210826063232/include -I/hab/pkgs/core/readline/8.1/20210826055049/include -O3 -g -pipe -fPIC  conftest.c -o conftest.i"
conftest.c:3:10: fatal error: sys/event.h: No such file or directory
    3 | #include <sys/event.h>
      |          ^~~~~~~~~~~~~
compilation terminated.
checked program was:
/* begin */
1: #include "ruby.h"
2: 
3: #include <sys/event.h>
/* end */

--------------------

have_type: checking for port_event_t in port.h... -------------------- no

"gcc -I/hab/pkgs/core/ruby/3.0.2/20211019144421/include/ruby-3.0.0/x86_64-linux -I/hab/pkgs/core/ruby/3.0.2/20211019144421/include/ruby-3.0.0/ruby/backward -I/hab/pkgs/core/ruby/3.0.2/20211019144421/include/ruby-3.0.0 -I. -I/hab/pkgs/core/make/4.3/20210826060457/include -I/hab/pkgs/core/gcc/9.3.0/20210826051400/include -I/hab/pkgs/core/glibc/2.33/20210826050111/include -I/hab/pkgs/core/ncurses/6.2/20210826054317/include -I/hab/pkgs/core/zlib/1.2.11/20210826050912/include -I/hab/pkgs/core/openssl/1.0.2zb/20211016150910/include -I/hab/pkgs/core/libyaml/0.2.5/20210826234948/include -I/hab/pkgs/core/libffi/3.3/20210826063232/include -I/hab/pkgs/core/readline/8.1/20210826055049/include   -I/hab/pkgs/core/make/4.3/20210826060457/include -I/hab/pkgs/core/gcc/9.3.0/20210826051400/include -I/hab/pkgs/core/glibc/2.33/20210826050111/include -I/hab/pkgs/core/ncurses/6.2/20210826054317/include -I/hab/pkgs/core/zlib/1.2.11/20210826050912/include -I/hab/pkgs/core/openssl/1.0.2zb/20211016150910/include -I/hab/pkgs/core/libyaml/0.2.5/20210826234948/include -I/hab/pkgs/core/libffi/3.3/20210826063232/include -I/hab/pkgs/core/readline/8.1/20210826055049/include -O3 -g -pipe -fPIC   -c conftest.c"
conftest.c:3:10: fatal error: port.h: No such file or directory
    3 | #include <port.h>
      |          ^~~~~~~~
compilation terminated.
checked program was:
/* begin */
1: #include "ruby.h"
2: 
3: #include <port.h>
4: 
5: /*top*/
6: typedef port_event_t conftest_type;
7: int conftestval[sizeof(conftest_type)?1:-1];
/* end */

--------------------

have_header: checking for sys/resource.h... -------------------- yes

"gcc -E -I/hab/pkgs/core/ruby/3.0.2/20211019144421/include/ruby-3.0.0/x86_64-linux -I/hab/pkgs/core/ruby/3.0.2/20211019144421/include/ruby-3.0.0/ruby/backward -I/hab/pkgs/core/ruby/3.0.2/20211019144421/include/ruby-3.0.0 -I. -I/hab/pkgs/core/make/4.3/20210826060457/include -I/hab/pkgs/core/gcc/9.3.0/20210826051400/include -I/hab/pkgs/core/glibc/2.33/20210826050111/include -I/hab/pkgs/core/ncurses/6.2/20210826054317/include -I/hab/pkgs/core/zlib/1.2.11/20210826050912/include -I/hab/pkgs/core/openssl/1.0.2zb/20211016150910/include -I/hab/pkgs/core/libyaml/0.2.5/20210826234948/include -I/hab/pkgs/core/libffi/3.3/20210826063232/include -I/hab/pkgs/core/readline/8.1/20210826055049/include   -I/hab/pkgs/core/make/4.3/20210826060457/include -I/hab/pkgs/core/gcc/9.3.0/20210826051400/include -I/hab/pkgs/core/glibc/2.33/20210826050111/include -I/hab/pkgs/core/ncurses/6.2/20210826054317/include -I/hab/pkgs/core/zlib/1.2.11/20210826050912/include -I/hab/pkgs/core/openssl/1.0.2zb/20211016150910/include -I/hab/pkgs/core/libyaml/0.2.5/20210826234948/include -I/hab/pkgs/core/libffi/3.3/20210826063232/include -I/hab/pkgs/core/readline/8.1/20210826055049/include -O3 -g -pipe -fPIC  conftest.c -o conftest.i"
checked program was:
/* begin */
1: #include "ruby.h"
2: 
3: #include <sys/resource.h>
/* end */

--------------------

